# JRE version: OpenJDK Runtime Environment Temurin-21.0.9+10 (21.0.9+10) (build 21.0.9+10-LTS)
# Java VM: OpenJDK 64-Bit Server VM Temurin-21.0.9+10 (21.0.9+10-LTS, mixed mode, sharing, tiered, compressed oops, compressed class ptrs, parallel gc, windows-amd64)
GC Precious Log:
 CardTable entry size: 512
 CPUs: 12 total, 12 available
 Memory: 7830M
 Large Page Support: Disabled
 NUMA Support: Disabled
 Compressed Oops: Enabled (32-bit)
 Alignments: Space 512K, Generation 512K, Heap 2M
 Heap Min Capacity: 100M
 Heap Initial Capacity: 100M
 Heap Max Capacity: 2G
 Pre-touch: Disabled
 Parallel Workers: 10
Heap:
 PSYoungGen      total 9216K, used 5410K [0x00000000d5580000, 0x00000000d6100000, 0x0000000100000000)
  eden space 7168K, 65% used [0x00000000d5580000,0x00000000d5a18860,0x00000000d5c80000)
  from space 2048K, 34% used [0x00000000d5d80000,0x00000000d5e30000,0x00000000d5f80000)
  to   space 1024K, 0% used [0x00000000d6000000,0x00000000d6000000,0x00000000d6100000)
 ParOldGen       total 84992K, used 59361K [0x0000000080000000, 0x0000000085300000, 0x00000000d5580000)
  object space 84992K, 69% used [0x0000000080000000,0x00000000839f8458,0x0000000085300000)
 Metaspace       used 66770K, committed 68160K, reserved 1114112K
  class space    used 7027K, committed 7616K, reserved 1048576K
GC Heap History (20 events):
Event: 1497.821 GC heap before
{Heap before GC invocations=80 (full 3):
 PSYoungGen      total 11776K, used 11360K [0x00000000d5580000, 0x00000000d6c80000, 0x0000000100000000)
  eden space 5632K, 100% used [0x00000000d5580000,0x00000000d5b00000,0x00000000d5b00000)
  from space 6144K, 93% used [0x00000000d6680000,0x00000000d6c18000,0x00000000d6c80000)
  to   space 7168K, 0% used [0x00000000d5e80000,0x00000000d5e80000,0x00000000d6580000)
 ParOldGen       total 79360K, used 76218K [0x0000000080000000, 0x0000000084d80000, 0x00000000d5580000)
  object space 79360K, 96% used [0x0000000080000000,0x0000000084a6eb20,0x0000000084d80000)
 Metaspace       used 62848K, committed 64192K, reserved 1114112K
  class space    used 6662K, committed 7232K, reserved 1048576K
}
Event: 1497.832 GC heap after
{Heap after GC invocations=80 (full 3):
 PSYoungGen      total 9216K, used 3360K [0x00000000d5580000, 0x00000000d6700000, 0x0000000100000000)
  eden space 5632K, 0% used [0x00000000d5580000,0x00000000d5580000,0x00000000d5b00000)
  from space 3584K, 93% used [0x00000000d5e80000,0x00000000d61c8000,0x00000000d6200000)
  to   space 4608K, 0% used [0x00000000d6280000,0x00000000d6280000,0x00000000d6700000)
 ParOldGen       total 81920K, used 81906K [0x0000000080000000, 0x0000000085000000, 0x00000000d5580000)
  object space 81920K, 99% used [0x0000000080000000,0x0000000084ffcb20,0x0000000085000000)
 Metaspace       used 62848K, committed 64192K, reserved 1114112K
  class space    used 6662K, committed 7232K, reserved 1048576K
}
Event: 1498.177 GC heap before
{Heap before GC invocations=81 (full 3):
 PSYoungGen      total 9216K, used 8992K [0x00000000d5580000, 0x00000000d6700000, 0x0000000100000000)
  eden space 5632K, 100% used [0x00000000d5580000,0x00000000d5b00000,0x00000000d5b00000)
  from space 3584K, 93% used [0x00000000d5e80000,0x00000000d61c8000,0x00000000d6200000)
  to   space 4608K, 0% used [0x00000000d6280000,0x00000000d6280000,0x00000000d6700000)
 ParOldGen       total 81920K, used 81906K [0x0000000080000000, 0x0000000085000000, 0x00000000d5580000)
  object space 81920K, 99% used [0x0000000080000000,0x0000000084ffcb20,0x0000000085000000)
 Metaspace       used 63363K, committed 64768K, reserved 1114112K
  class space    used 6703K, committed 7296K, reserved 1048576K
}
Event: 1498.183 GC heap after
{Heap after GC invocations=81 (full 3):
 PSYoungGen      total 6656K, used 620K [0x00000000d5580000, 0x00000000d6380000, 0x0000000100000000)
  eden space 5632K, 0% used [0x00000000d5580000,0x00000000d5580000,0x00000000d5b00000)
  from space 1024K, 60% used [0x00000000d6280000,0x00000000d631b170,0x00000000d6380000)
  to   space 2048K, 0% used [0x00000000d5f80000,0x00000000d5f80000,0x00000000d6180000)
 ParOldGen       total 85504K, used 85114K [0x0000000080000000, 0x0000000085380000, 0x00000000d5580000)
  object space 85504K, 99% used [0x0000000080000000,0x000000008531eb20,0x0000000085380000)
 Metaspace       used 63363K, committed 64768K, reserved 1114112K
  class space    used 6703K, committed 7296K, reserved 1048576K
}
Event: 1498.470 GC heap before
{Heap before GC invocations=82 (full 3):
 PSYoungGen      total 6656K, used 6226K [0x00000000d5580000, 0x00000000d6380000, 0x0000000100000000)
  eden space 5632K, 99% used [0x00000000d5580000,0x00000000d5af9878,0x00000000d5b00000)
  from space 1024K, 60% used [0x00000000d6280000,0x00000000d631b170,0x00000000d6380000)
  to   space 2048K, 0% used [0x00000000d5f80000,0x00000000d5f80000,0x00000000d6180000)
 ParOldGen       total 85504K, used 85114K [0x0000000080000000, 0x0000000085380000, 0x00000000d5580000)
  object space 85504K, 99% used [0x0000000080000000,0x000000008531eb20,0x0000000085380000)
 Metaspace       used 63745K, committed 65088K, reserved 1114112K
  class space    used 6734K, committed 7296K, reserved 1048576K
}
Event: 1498.472 GC heap after
{Heap after GC invocations=82 (full 3):
 PSYoungGen      total 7680K, used 1044K [0x00000000d5580000, 0x00000000d6300000, 0x0000000100000000)
  eden space 5632K, 0% used [0x00000000d5580000,0x00000000d5580000,0x00000000d5b00000)
  from space 2048K, 51% used [0x00000000d5f80000,0x00000000d6085240,0x00000000d6180000)
  to   space 1536K, 0% used [0x00000000d6180000,0x00000000d6180000,0x00000000d6300000)
 ParOldGen       total 86016K, used 85575K [0x0000000080000000, 0x0000000085400000, 0x00000000d5580000)
  object space 86016K, 99% used [0x0000000080000000,0x0000000085391eb0,0x0000000085400000)
 Metaspace       used 63745K, committed 65088K, reserved 1114112K
  class space    used 6734K, committed 7296K, reserved 1048576K
}
Event: 1498.559 GC heap before
{Heap before GC invocations=83 (full 3):
 PSYoungGen      total 7680K, used 6676K [0x00000000d5580000, 0x00000000d6300000, 0x0000000100000000)
  eden space 5632K, 100% used [0x00000000d5580000,0x00000000d5b00000,0x00000000d5b00000)
  from space 2048K, 51% used [0x00000000d5f80000,0x00000000d6085240,0x00000000d6180000)
  to   space 1536K, 0% used [0x00000000d6180000,0x00000000d6180000,0x00000000d6300000)
 ParOldGen       total 86016K, used 85575K [0x0000000080000000, 0x0000000085400000, 0x00000000d5580000)
  object space 86016K, 99% used [0x0000000080000000,0x0000000085391eb0,0x0000000085400000)
 Metaspace       used 64316K, committed 65728K, reserved 1114112K
  class space    used 6781K, committed 7360K, reserved 1048576K
}
Event: 1498.562 GC heap after
{Heap after GC invocations=83 (full 3):
 PSYoungGen      total 6656K, used 633K [0x00000000d5580000, 0x00000000d6280000, 0x0000000100000000)
  eden space 5632K, 0% used [0x00000000d5580000,0x00000000d5580000,0x00000000d5b00000)
  from space 1024K, 61% used [0x00000000d6180000,0x00000000d621e438,0x00000000d6280000)
  to   space 1024K, 0% used [0x00000000d6080000,0x00000000d6080000,0x00000000d6180000)
 ParOldGen       total 86528K, used 86481K [0x0000000080000000, 0x0000000085480000, 0x00000000d5580000)
  object space 86528K, 99% used [0x0000000080000000,0x00000000854746e8,0x0000000085480000)
 Metaspace       used 64316K, committed 65728K, reserved 1114112K
  class space    used 6781K, committed 7360K, reserved 1048576K
}
Event: 1498.630 GC heap before
{Heap before GC invocations=84 (full 3):
 PSYoungGen      total 6656K, used 6265K [0x00000000d5580000, 0x00000000d6280000, 0x0000000100000000)
  eden space 5632K, 100% used [0x00000000d5580000,0x00000000d5b00000,0x00000000d5b00000)
  from space 1024K, 61% used [0x00000000d6180000,0x00000000d621e438,0x00000000d6280000)
  to   space 1024K, 0% used [0x00000000d6080000,0x00000000d6080000,0x00000000d6180000)
 ParOldGen       total 86528K, used 86481K [0x0000000080000000, 0x0000000085480000, 0x00000000d5580000)
  object space 86528K, 99% used [0x0000000080000000,0x00000000854746e8,0x0000000085480000)
 Metaspace       used 64810K, committed 66240K, reserved 1114112K
  class space    used 6830K, committed 7424K, reserved 1048576K
}
Event: 1498.632 GC heap after
{Heap after GC invocations=84 (full 3):
 PSYoungGen      total 6144K, used 448K [0x00000000d5580000, 0x00000000d6200000, 0x0000000100000000)
  eden space 5632K, 0% used [0x00000000d5580000,0x00000000d5580000,0x00000000d5b00000)
  from space 512K, 87% used [0x00000000d6080000,0x00000000d60f0000,0x00000000d6100000)
  to   space 1024K, 0% used [0x00000000d6100000,0x00000000d6100000,0x00000000d6200000)
 ParOldGen       total 87040K, used 86957K [0x0000000080000000, 0x0000000085500000, 0x00000000d5580000)
  object space 87040K, 99% used [0x0000000080000000,0x00000000854eb430,0x0000000085500000)
 Metaspace       used 64810K, committed 66240K, reserved 1114112K
  class space    used 6830K, committed 7424K, reserved 1048576K
}
Event: 1499.699 GC heap before
{Heap before GC invocations=85 (full 3):
 PSYoungGen      total 6144K, used 6080K [0x00000000d5580000, 0x00000000d6200000, 0x0000000100000000)
  eden space 5632K, 100% used [0x00000000d5580000,0x00000000d5b00000,0x00000000d5b00000)
  from space 512K, 87% used [0x00000000d6080000,0x00000000d60f0000,0x00000000d6100000)
  to   space 1024K, 0% used [0x00000000d6100000,0x00000000d6100000,0x00000000d6200000)
 ParOldGen       total 87040K, used 86961K [0x0000000080000000, 0x0000000085500000, 0x00000000d5580000)
  object space 87040K, 99% used [0x0000000080000000,0x00000000854ec560,0x0000000085500000)
 Metaspace       used 64921K, committed 66304K, reserved 1114112K
  class space    used 6844K, committed 7424K, reserved 1048576K
}
Event: 1503.727 GC heap after
{Heap after GC invocations=85 (full 3):
 PSYoungGen      total 6144K, used 6080K [0x00000000d5580000, 0x00000000d6200000, 0x0000000100000000)
  eden space 5632K, 100% used [0x00000000d5580000,0x00000000d5b00000,0x00000000d5b00000)
  from space 512K, 87% used [0x00000000d6080000,0x00000000d60f0000,0x00000000d6100000)
  to   space 1024K, 99% used [0x00000000d6100000,0x00000000d61fd970,0x00000000d6200000)
 ParOldGen       total 87552K, used 87450K [0x0000000080000000, 0x0000000085580000, 0x00000000d5580000)
  object space 87552K, 99% used [0x0000000080000000,0x0000000085566920,0x0000000085580000)
 Metaspace       used 64921K, committed 66304K, reserved 1114112K
  class space    used 6844K, committed 7424K, reserved 1048576K
}
Event: 1503.727 GC heap before
{Heap before GC invocations=86 (full 4):
 PSYoungGen      total 6144K, used 6080K [0x00000000d5580000, 0x00000000d6200000, 0x0000000100000000)
  eden space 5632K, 100% used [0x00000000d5580000,0x00000000d5b00000,0x00000000d5b00000)
  from space 512K, 87% used [0x00000000d6080000,0x00000000d60f0000,0x00000000d6100000)
  to   space 1024K, 99% used [0x00000000d6100000,0x00000000d61fd970,0x00000000d6200000)
 ParOldGen       total 87552K, used 87450K [0x0000000080000000, 0x0000000085580000, 0x00000000d5580000)
  object space 87552K, 99% used [0x0000000080000000,0x0000000085566920,0x0000000085580000)
 Metaspace       used 64921K, committed 66304K, reserved 1114112K
  class space    used 6844K, committed 7424K, reserved 1048576K
}
Event: 1504.224 GC heap after
{Heap after GC invocations=86 (full 4):
 PSYoungGen      total 7680K, used 0K [0x00000000d5580000, 0x00000000d6180000, 0x0000000100000000)
  eden space 7168K, 0% used [0x00000000d5580000,0x00000000d5580000,0x00000000d5c80000)
  from space 512K, 0% used [0x00000000d6100000,0x00000000d6100000,0x00000000d6180000)
  to   space 1024K, 0% used [0x00000000d5f80000,0x00000000d5f80000,0x00000000d6080000)
 ParOldGen       total 84992K, used 57997K [0x0000000080000000, 0x0000000085300000, 0x00000000d5580000)
  object space 84992K, 68% used [0x0000000080000000,0x00000000838a36f8,0x0000000085300000)
 Metaspace       used 64919K, committed 66304K, reserved 1114112K
  class space    used 6844K, committed 7424K, reserved 1048576K
}
Event: 1504.278 GC heap before
{Heap before GC invocations=87 (full 4):
 PSYoungGen      total 7680K, used 7168K [0x00000000d5580000, 0x00000000d6180000, 0x0000000100000000)
  eden space 7168K, 100% used [0x00000000d5580000,0x00000000d5c80000,0x00000000d5c80000)
  from space 512K, 0% used [0x00000000d6100000,0x00000000d6100000,0x00000000d6180000)
  to   space 1024K, 0% used [0x00000000d5f80000,0x00000000d5f80000,0x00000000d6080000)
 ParOldGen       total 84992K, used 58186K [0x0000000080000000, 0x0000000085300000, 0x00000000d5580000)
  object space 84992K, 68% used [0x0000000080000000,0x00000000838d2808,0x0000000085300000)
 Metaspace       used 65251K, committed 66624K, reserved 1114112K
  class space    used 6854K, committed 7424K, reserved 1048576K
}
Event: 1504.280 GC heap after
{Heap after GC invocations=87 (full 4):
 PSYoungGen      total 8192K, used 676K [0x00000000d5580000, 0x00000000d6180000, 0x0000000100000000)
  eden space 7168K, 0% used [0x00000000d5580000,0x00000000d5580000,0x00000000d5c80000)
  from space 1024K, 66% used [0x00000000d5f80000,0x00000000d6029230,0x00000000d6080000)
  to   space 1024K, 0% used [0x00000000d6080000,0x00000000d6080000,0x00000000d6180000)
 ParOldGen       total 84992K, used 58194K [0x0000000080000000, 0x0000000085300000, 0x00000000d5580000)
  object space 84992K, 68% used [0x0000000080000000,0x00000000838d4808,0x0000000085300000)
 Metaspace       used 65251K, committed 66624K, reserved 1114112K
  class space    used 6854K, committed 7424K, reserved 1048576K
}
Event: 1504.440 GC heap before
{Heap before GC invocations=88 (full 4):
 PSYoungGen      total 8192K, used 7844K [0x00000000d5580000, 0x00000000d6180000, 0x0000000100000000)
  eden space 7168K, 100% used [0x00000000d5580000,0x00000000d5c80000,0x00000000d5c80000)
  from space 1024K, 66% used [0x00000000d5f80000,0x00000000d6029230,0x00000000d6080000)
  to   space 1024K, 0% used [0x00000000d6080000,0x00000000d6080000,0x00000000d6180000)
 ParOldGen       total 84992K, used 58194K [0x0000000080000000, 0x0000000085300000, 0x00000000d5580000)
  object space 84992K, 68% used [0x0000000080000000,0x00000000838d4808,0x0000000085300000)
 Metaspace       used 65696K, committed 67072K, reserved 1114112K
  class space    used 6898K, committed 7488K, reserved 1048576K
}
Event: 1504.442 GC heap after
{Heap after GC invocations=88 (full 4):
 PSYoungGen      total 8192K, used 1002K [0x00000000d5580000, 0x00000000d6180000, 0x0000000100000000)
  eden space 7168K, 0% used [0x00000000d5580000,0x00000000d5580000,0x00000000d5c80000)
  from space 1024K, 97% used [0x00000000d6080000,0x00000000d617aa38,0x00000000d6180000)
  to   space 2048K, 0% used [0x00000000d5d80000,0x00000000d5d80000,0x00000000d5f80000)
 ParOldGen       total 84992K, used 58638K [0x0000000080000000, 0x0000000085300000, 0x00000000d5580000)
  object space 84992K, 68% used [0x0000000080000000,0x0000000083943a28,0x0000000085300000)
 Metaspace       used 65696K, committed 67072K, reserved 1114112K
  class space    used 6898K, committed 7488K, reserved 1048576K
}
Event: 1504.571 GC heap before
{Heap before GC invocations=89 (full 4):
 PSYoungGen      total 8192K, used 8170K [0x00000000d5580000, 0x00000000d6180000, 0x0000000100000000)
  eden space 7168K, 100% used [0x00000000d5580000,0x00000000d5c80000,0x00000000d5c80000)
  from space 1024K, 97% used [0x00000000d6080000,0x00000000d617aa38,0x00000000d6180000)
  to   space 2048K, 0% used [0x00000000d5d80000,0x00000000d5d80000,0x00000000d5f80000)
 ParOldGen       total 84992K, used 58638K [0x0000000080000000, 0x0000000085300000, 0x00000000d5580000)
  object space 84992K, 68% used [0x0000000080000000,0x0000000083943a28,0x0000000085300000)
 Metaspace       used 66335K, committed 67712K, reserved 1114112K
  class space    used 6959K, committed 7552K, reserved 1048576K
}
Event: 1504.573 GC heap after
{Heap after GC invocations=89 (full 4):
 PSYoungGen      total 9216K, used 704K [0x00000000d5580000, 0x00000000d6100000, 0x0000000100000000)
  eden space 7168K, 0% used [0x00000000d5580000,0x00000000d5580000,0x00000000d5c80000)
  from space 2048K, 34% used [0x00000000d5d80000,0x00000000d5e30000,0x00000000d5f80000)
  to   space 1024K, 0% used [0x00000000d6000000,0x00000000d6000000,0x00000000d6100000)
 ParOldGen       total 84992K, used 59361K [0x0000000080000000, 0x0000000085300000, 0x00000000d5580000)
  object space 84992K, 69% used [0x0000000080000000,0x00000000839f8458,0x0000000085300000)
 Metaspace       used 66335K, committed 67712K, reserved 1114112K
  class space    used 6959K, committed 7552K, reserved 1048576K
}

